<?xml version="1.0" encoding="UTF-8"?>
<testsuite name="com.kodilla.testing.com.kodilla.testing.shape.ShapeCollectorTestSuite" tests="4" skipped="0" failures="0" errors="0" timestamp="2018-08-25T15:13:44" hostname="LMATI01" time="0.004">
  <properties/>
  <testcase name="testShowFigures" classname="com.kodilla.testing.com.kodilla.testing.shape.ShapeCollectorTestSuite" time="0.003"/>
  <testcase name="testRemoveFigure" classname="com.kodilla.testing.com.kodilla.testing.shape.ShapeCollectorTestSuite" time="0.0"/>
  <testcase name="testAddFigure" classname="com.kodilla.testing.com.kodilla.testing.shape.ShapeCollectorTestSuite" time="0.001"/>
  <testcase name="testGetFigure" classname="com.kodilla.testing.com.kodilla.testing.shape.ShapeCollectorTestSuite" time="0.0"/>
  <system-out><![CDATA[New class created!
Preparing to execute test no. #1
TRIANGLE
CIRCLE
SQUARE
Preparing to execute test no. #2
Preparing to execute test no. #3
Preparing to execute test no. #4
Class is over
]]></system-out>
  <system-err><![CDATA[]]></system-err>
</testsuite>
