<?xml version="1.0" encoding="UTF-8"?>
<testsuite name="com.kodilla.testing.com.kodilla.testing.forum.statistics.ForumStatsTestSuite" tests="7" skipped="0" failures="0" errors="0" timestamp="2018-08-25T15:13:44" hostname="LMATI01" time="0.168">
  <properties/>
  <testcase name="testCalculateadvancedStatistics1" classname="com.kodilla.testing.com.kodilla.testing.forum.statistics.ForumStatsTestSuite" time="0.158"/>
  <testcase name="testCalculateadvancedStatistics2" classname="com.kodilla.testing.com.kodilla.testing.forum.statistics.ForumStatsTestSuite" time="0.001"/>
  <testcase name="testCalculateadvancedStatistics3" classname="com.kodilla.testing.com.kodilla.testing.forum.statistics.ForumStatsTestSuite" time="0.001"/>
  <testcase name="testCalculateadvancedStatistics4" classname="com.kodilla.testing.com.kodilla.testing.forum.statistics.ForumStatsTestSuite" time="0.001"/>
  <testcase name="testCalculateadvancedStatistics5" classname="com.kodilla.testing.com.kodilla.testing.forum.statistics.ForumStatsTestSuite" time="0.001"/>
  <testcase name="testCalculateadvancedStatistics6" classname="com.kodilla.testing.com.kodilla.testing.forum.statistics.ForumStatsTestSuite" time="0.002"/>
  <testcase name="testCalculateadvancedStatistics7" classname="com.kodilla.testing.com.kodilla.testing.forum.statistics.ForumStatsTestSuite" time="0.001"/>
  <system-out><![CDATA[CLASS - start!
TESTS - start!
postsCount = 0
TESTS - stop!
TESTS - start!
postsCount = 1000
TESTS - stop!
TESTS - start!
commentsCount = 1000
TESTS - stop!
TESTS - start!
commentsCount > postsCount
TESTS - stop!
TESTS - start!
commentsCount < postsCount
TESTS - stop!
TESTS - start!
userNames = 0
TESTS - stop!
TESTS - start!
userNames = 100
TESTS - stop!
CLASS - stop!
]]></system-out>
  <system-err><![CDATA[]]></system-err>
</testsuite>
