<?xml version="1.0" encoding="UTF-8"?>
<testsuite name="com.kodilla.testing.com.kodilla.testing.library.BookDirectioryTestSuite" tests="6" skipped="0" failures="0" errors="0" timestamp="2018-08-25T15:13:44" hostname="LMATI01" time="0.022">
  <properties/>
  <testcase name="testListBooksInHandOf10Books" classname="com.kodilla.testing.com.kodilla.testing.library.BookDirectioryTestSuite" time="0.009"/>
  <testcase name="testListBooksWithConditionFragmentShorterThan3" classname="com.kodilla.testing.com.kodilla.testing.library.BookDirectioryTestSuite" time="0.009"/>
  <testcase name="testListBooksInHandOf0Books" classname="com.kodilla.testing.com.kodilla.testing.library.BookDirectioryTestSuite" time="0.001"/>
  <testcase name="testListBooksInHandOf1Books" classname="com.kodilla.testing.com.kodilla.testing.library.BookDirectioryTestSuite" time="0.0"/>
  <testcase name="testListBooksWithConditionMoreThan20" classname="com.kodilla.testing.com.kodilla.testing.library.BookDirectioryTestSuite" time="0.001"/>
  <testcase name="testListBooksWithConditionsReturnList" classname="com.kodilla.testing.com.kodilla.testing.library.BookDirectioryTestSuite" time="0.001"/>
  <system-out><![CDATA[]]></system-out>
  <system-err><![CDATA[]]></system-err>
</testsuite>
